========================================================================================
Report      : INFO
Date        : Sun Mar 26 16:11:49 CDT 2017
Description : u_domainNew:Database allocated on heap
Node        : khanh-VirtualBox
Process     : superchat <15113>
Thread      : spliced 7ff581f51700
Internals   : V6.4.140407OSS/3b83e82/3b83e82/user::u_domain::u_domainNew/u_domain.c/706/0/1490562709.485470275
========================================================================================
Report      : INFO
Date        : Sun Mar 26 16:11:49 CDT 2017
Description : ---------------------------------------------------------------
              -- The service is using the following configuration settings --
              ---------------------------------------------------------------
              Domain (id)          : ospl_sp_ddsi (0)
              Storage              : 10240 Kbytes
              Storage threshold    : 1024 Kbytes
              Storage address      : Not available
              Locking              : default
              Memory mode          : Heap memory
              Builtin topics       : true
              Priority inheritance : false
Node        : khanh-VirtualBox
Process     : superchat <15113>
Thread      : spliced 7ff581f51700
Internals   : V6.4.140407OSS/3b83e82/3b83e82/The OpenSplice domain service/u_domain.c/827/0/1490562709.491400695
========================================================================================
Report      : INFO
Date        : Sun Mar 26 16:11:49 CDT 2017
Description : Service cmsoap disabled
Node        : khanh-VirtualBox
Process     : superchat <15113>
Thread      : spliced 7ff581f51700
Internals   : V6.4.140407OSS/3b83e82/3b83e82/OpenSplice domain service/sr_componentInfo.c/439/0/1490562709.491541364
========================================================================================
Report      : INFO
Date        : Sun Mar 26 16:11:49 CDT 2017
Description : ++++++++++++++++++++++++++++++++++++++++++++++++
              ++ The service 'splicedaemon' is now operational. 
              ++++++++++++++++++++++++++++++++++++++++++++++++
Node        : khanh-VirtualBox
Process     : superchat <15113>
Thread      : spliced 7ff581f51700
Internals   : V6.4.140407OSS/3b83e82/3b83e82/v_serviceChangeState/v_service.c/329/0/1490562709.492135817
========================================================================================
Report      : INFO
Date        : Sun Mar 26 16:11:49 CDT 2017
Description : ++++++++++++++++++++++++++++++++++++++++++++++++
              ++ The service 'ddsi2' is now operational. 
              ++++++++++++++++++++++++++++++++++++++++++++++++
Node        : khanh-VirtualBox
Process     : superchat <15113>
Thread      : ddsi2 7ff57c8bc700
Internals   : V6.4.140407OSS/3b83e82/3b83e82/v_serviceChangeState/v_service.c/329/0/1490562709.499369469
========================================================================================
Report      : INFO
Date        : Sun Mar 26 16:11:49 CDT 2017
Description : The durability service can by identified by ID: 36987706
Node        : khanh-VirtualBox
Process     : superchat <15113>
Thread      : durability 7ff57cc2e700
Internals   : V6.4.140407OSS/3b83e82/3b83e82/DurabilityService/d_durability.c/476/0/1490562709.904777089
========================================================================================
Report      : INFO
Date        : Sun Mar 26 16:11:56 CDT 2017
Description : ++++++++++++++++++++++++++++++++++++++++++++++++
              ++ The service 'durability' is now operational. 
              ++++++++++++++++++++++++++++++++++++++++++++++++
Node        : khanh-VirtualBox
Process     : superchat <15113>
Thread      : durability 7ff57cc2e700
Internals   : V6.4.140407OSS/3b83e82/3b83e82/v_serviceChangeState/v_service.c/329/0/1490562716.917346730
========================================================================================
Report      : INFO
Date        : Sun Mar 26 16:11:57 CDT 2017
Description : Termination request (signal 2) received from PID 15113 (self), UID 1000
Node        : khanh-VirtualBox
Process     : superchat <15113>
Thread      : signalHandler 7ff57d51a700
Internals   : V6.4.140407OSS/3b83e82/3b83e82/signalHandlerThread/os_signalHandler.c/503/0/1490562717.249562348
