========================================================================================
Report      : INFO
Date        : Fri Mar 24 18:56:27 CDT 2017
Description : u_domainNew:Database allocated on heap
Node        : tylergustaf-VirtualBox
Process     : sacpp_helloworld_sub <16286>
Thread      : spliced 7f174240d700
Internals   : V6.4.140407OSS/3b83e82/3b83e82/user::u_domain::u_domainNew/u_domain.c/706/0/1490399787.585421304
========================================================================================
Report      : INFO
Date        : Fri Mar 24 18:56:27 CDT 2017
Description : ---------------------------------------------------------------
              -- The service is using the following configuration settings --
              ---------------------------------------------------------------
              Domain (id)          : ospl_sp_ddsi (0)
              Storage              : 10240 Kbytes
              Storage threshold    : 1024 Kbytes
              Storage address      : Not available
              Locking              : default
              Memory mode          : Heap memory
              Builtin topics       : true
              Priority inheritance : false
Node        : tylergustaf-VirtualBox
Process     : sacpp_helloworld_sub <16286>
Thread      : spliced 7f174240d700
Internals   : V6.4.140407OSS/3b83e82/3b83e82/The OpenSplice domain service/u_domain.c/827/0/1490399787.596108254
========================================================================================
Report      : INFO
Date        : Fri Mar 24 18:56:27 CDT 2017
Description : Service cmsoap disabled
Node        : tylergustaf-VirtualBox
Process     : sacpp_helloworld_sub <16286>
Thread      : spliced 7f174240d700
Internals   : V6.4.140407OSS/3b83e82/3b83e82/OpenSplice domain service/sr_componentInfo.c/439/0/1490399787.596701797
========================================================================================
Report      : INFO
Date        : Fri Mar 24 18:56:27 CDT 2017
Description : ++++++++++++++++++++++++++++++++++++++++++++++++
              ++ The service 'splicedaemon' is now operational. 
              ++++++++++++++++++++++++++++++++++++++++++++++++
Node        : tylergustaf-VirtualBox
Process     : sacpp_helloworld_sub <16286>
Thread      : spliced 7f174240d700
Internals   : V6.4.140407OSS/3b83e82/3b83e82/v_serviceChangeState/v_service.c/329/0/1490399787.598231361
========================================================================================
Report      : INFO
Date        : Fri Mar 24 18:56:27 CDT 2017
Description : ++++++++++++++++++++++++++++++++++++++++++++++++
              ++ The service 'ddsi2' is now operational. 
              ++++++++++++++++++++++++++++++++++++++++++++++++
Node        : tylergustaf-VirtualBox
Process     : sacpp_helloworld_sub <16286>
Thread      : ddsi2 7f173e9c6700
Internals   : V6.4.140407OSS/3b83e82/3b83e82/v_serviceChangeState/v_service.c/329/0/1490399787.619237358
========================================================================================
Report      : INFO
Date        : Fri Mar 24 18:56:28 CDT 2017
Description : The durability service can by identified by ID: 412115591
Node        : tylergustaf-VirtualBox
Process     : sacpp_helloworld_sub <16286>
Thread      : durability 7f173ed38700
Internals   : V6.4.140407OSS/3b83e82/3b83e82/DurabilityService/d_durability.c/476/0/1490399788.131607656
========================================================================================
Report      : INFO
Date        : Fri Mar 24 18:56:35 CDT 2017
Description : ++++++++++++++++++++++++++++++++++++++++++++++++
              ++ The service 'durability' is now operational. 
              ++++++++++++++++++++++++++++++++++++++++++++++++
Node        : tylergustaf-VirtualBox
Process     : sacpp_helloworld_sub <16286>
Thread      : durability 7f173ed38700
Internals   : V6.4.140407OSS/3b83e82/3b83e82/v_serviceChangeState/v_service.c/329/0/1490399795.192650024
========================================================================================
Report      : INFO
Date        : Fri Mar 24 18:56:41 CDT 2017
Description : Termination request (signal 2) received from PID 16286 (self), UID 1000
Node        : tylergustaf-VirtualBox
Process     : sacpp_helloworld_sub <16286>
Thread      : signalHandler 7f173f624700
Internals   : V6.4.140407OSS/3b83e82/3b83e82/signalHandlerThread/os_signalHandler.c/503/0/1490399801.131681153
